2019-12-19 17:30:37.270 [INFO ] org.springframework.boot.StartupInfoLogger.logStarting[55 line] - Starting Application on DavisdeMacBook-Air.local with PID 1338 (/Users/jasmine/IdeaProjects/online_store/ols-api/target/classes started by jasmine in /Users/jasmine/IdeaProjects/online_store)
2019-12-19 17:30:37.328 [INFO ] org.springframework.boot.SpringApplication.logStartupProfileInfo[651 line] - No active profile set, falling back to default profiles: default
2019-12-19 17:30:42.824 [INFO ] org.apache.juli.logging.DirectJDKLog.log[173 line] - Initializing ProtocolHandler ["http-nio-8088"]
2019-12-19 17:30:42.826 [INFO ] org.apache.juli.logging.DirectJDKLog.log[173 line] - Starting service [Tomcat]
2019-12-19 17:30:42.827 [INFO ] org.apache.juli.logging.DirectJDKLog.log[173 line] - Starting Servlet engine: [Apache Tomcat/9.0.27]
2019-12-19 17:30:43.002 [INFO ] org.apache.juli.logging.DirectJDKLog.log[173 line] - Initializing Spring embedded WebApplicationContext
2019-12-19 17:30:45.097 [INFO ] springfox.documentation.spring.web.PropertySourcedRequestMappingHandlerMapping.initHandlerMethods[69 line] - Mapped URL path [/v2/api-docs] onto method [springfox.documentation.swagger2.web.Swagger2Controller#getDocumentation(String, HttpServletRequest)]
2019-12-19 17:30:45.599 [INFO ] springfox.documentation.spring.web.plugins.DocumentationPluginsBootstrapper.start[160 line] - Context refreshed
2019-12-19 17:30:45.626 [INFO ] springfox.documentation.spring.web.plugins.DocumentationPluginsBootstrapper.start[163 line] - Found 1 custom documentation plugin(s)
2019-12-19 17:30:45.676 [INFO ] springfox.documentation.spring.web.scanners.ApiListingReferenceScanner.scan[41 line] - Scanning for api listing references
2019-12-19 17:30:46.103 [INFO ] org.apache.juli.logging.DirectJDKLog.log[173 line] - Starting ProtocolHandler ["http-nio-8088"]
2019-12-19 17:30:46.137 [INFO ] org.springframework.boot.StartupInfoLogger.logStarted[61 line] - Started Application in 10.787 seconds (JVM running for 14.655)
2019-12-19 17:31:31.871 [INFO ] org.apache.juli.logging.DirectJDKLog.log[173 line] - Initializing Spring DispatcherServlet 'dispatcherServlet'
2019-12-19 17:32:09.822 [INFO ] pers.dc.ols.aspect.ServiceLogAspect.recordTimeLog[27 line] - ====== 服务【pers.dc.ols.service.impl.UserServiceImpl ￿｜ checkIfUsernameExisted】开始 ======
2019-12-19 17:32:09.931 [INFO ] com.zaxxer.hikari.HikariDataSource.getConnection[110 line] - DateSourceHikariCP - Starting...
2019-12-19 17:32:09.990 [INFO ] pers.dc.ols.aspect.ServiceLogAspect.recordTimeLog[27 line] - ====== 服务【pers.dc.ols.service.impl.UserServiceImpl ￿｜ checkIfUsernameExisted】开始 ======
2019-12-19 17:32:10.200 [INFO ] pers.dc.ols.aspect.ServiceLogAspect.recordTimeLog[27 line] - ====== 服务【pers.dc.ols.service.impl.UserServiceImpl ￿｜ checkIfUsernameExisted】开始 ======
2019-12-19 17:32:10.382 [INFO ] pers.dc.ols.aspect.ServiceLogAspect.recordTimeLog[27 line] - ====== 服务【pers.dc.ols.service.impl.UserServiceImpl ￿｜ checkIfUsernameExisted】开始 ======
2019-12-19 17:32:10.386 [INFO ] pers.dc.ols.aspect.ServiceLogAspect.recordTimeLog[27 line] - ====== 服务【pers.dc.ols.service.impl.UserServiceImpl ￿｜ checkIfUsernameExisted】开始 ======
2019-12-19 17:32:10.665 [INFO ] com.zaxxer.hikari.HikariDataSource.getConnection[123 line] - DateSourceHikariCP - Start completed.
2019-12-19 17:32:10.719 [INFO ] pers.dc.ols.aspect.ServiceLogAspect.recordTimeLog[38 line] - ====== 服务【pers.dc.ols.service.impl.UserServiceImpl 的 checkIfUsernameExisted】结束，用时 724 毫秒 ======
2019-12-19 17:32:10.719 [INFO ] pers.dc.ols.aspect.ServiceLogAspect.recordTimeLog[38 line] - ====== 服务【pers.dc.ols.service.impl.UserServiceImpl 的 checkIfUsernameExisted】结束，用时 328 毫秒 ======
2019-12-19 17:32:10.727 [INFO ] pers.dc.ols.aspect.ServiceLogAspect.recordTimeLog[38 line] - ====== 服务【pers.dc.ols.service.impl.UserServiceImpl 的 checkIfUsernameExisted】结束，用时 343 毫秒 ======
2019-12-19 17:32:10.742 [INFO ] pers.dc.ols.aspect.ServiceLogAspect.recordTimeLog[38 line] - ====== 服务【pers.dc.ols.service.impl.UserServiceImpl 的 checkIfUsernameExisted】结束，用时 541 毫秒 ======
2019-12-19 17:32:10.744 [INFO ] pers.dc.ols.aspect.ServiceLogAspect.recordTimeLog[38 line] - ====== 服务【pers.dc.ols.service.impl.UserServiceImpl 的 checkIfUsernameExisted】结束，用时 920 毫秒 ======
2019-12-19 17:32:10.774 [INFO ] pers.dc.ols.aspect.ServiceLogAspect.recordTimeLog[27 line] - ====== 服务【pers.dc.ols.service.impl.UserServiceImpl ￿｜ checkIfUsernameExisted】开始 ======
2019-12-19 17:32:10.778 [INFO ] pers.dc.ols.aspect.ServiceLogAspect.recordTimeLog[38 line] - ====== 服务【pers.dc.ols.service.impl.UserServiceImpl 的 checkIfUsernameExisted】结束，用时 3 毫秒 ======
2019-12-19 17:32:10.934 [INFO ] pers.dc.ols.aspect.ServiceLogAspect.recordTimeLog[27 line] - ====== 服务【pers.dc.ols.service.impl.UserServiceImpl ￿｜ checkIfUsernameExisted】开始 ======
2019-12-19 17:32:10.937 [INFO ] pers.dc.ols.aspect.ServiceLogAspect.recordTimeLog[38 line] - ====== 服务【pers.dc.ols.service.impl.UserServiceImpl 的 checkIfUsernameExisted】结束，用时 2 毫秒 ======
2019-12-19 17:32:11.386 [INFO ] pers.dc.ols.aspect.ServiceLogAspect.recordTimeLog[27 line] - ====== 服务【pers.dc.ols.service.impl.UserServiceImpl ￿｜ checkIfUsernameExisted】开始 ======
2019-12-19 17:32:11.389 [INFO ] pers.dc.ols.aspect.ServiceLogAspect.recordTimeLog[38 line] - ====== 服务【pers.dc.ols.service.impl.UserServiceImpl 的 checkIfUsernameExisted】结束，用时 2 毫秒 ======
2019-12-19 17:32:11.459 [INFO ] pers.dc.ols.aspect.ServiceLogAspect.recordTimeLog[27 line] - ====== 服务【pers.dc.ols.service.impl.UserServiceImpl ￿｜ checkIfUsernameExisted】开始 ======
2019-12-19 17:32:11.462 [INFO ] pers.dc.ols.aspect.ServiceLogAspect.recordTimeLog[38 line] - ====== 服务【pers.dc.ols.service.impl.UserServiceImpl 的 checkIfUsernameExisted】结束，用时 2 毫秒 ======
2019-12-19 17:32:11.662 [INFO ] pers.dc.ols.aspect.ServiceLogAspect.recordTimeLog[27 line] - ====== 服务【pers.dc.ols.service.impl.UserServiceImpl ￿｜ checkIfUsernameExisted】开始 ======
2019-12-19 17:32:11.666 [INFO ] pers.dc.ols.aspect.ServiceLogAspect.recordTimeLog[38 line] - ====== 服务【pers.dc.ols.service.impl.UserServiceImpl 的 checkIfUsernameExisted】结束，用时 3 毫秒 ======
2019-12-19 17:32:11.822 [INFO ] pers.dc.ols.aspect.ServiceLogAspect.recordTimeLog[27 line] - ====== 服务【pers.dc.ols.service.impl.UserServiceImpl ￿｜ checkIfUsernameExisted】开始 ======
2019-12-19 17:32:11.826 [INFO ] pers.dc.ols.aspect.ServiceLogAspect.recordTimeLog[38 line] - ====== 服务【pers.dc.ols.service.impl.UserServiceImpl 的 checkIfUsernameExisted】结束，用时 4 毫秒 ======
2019-12-19 17:32:12.418 [INFO ] pers.dc.ols.aspect.ServiceLogAspect.recordTimeLog[27 line] - ====== 服务【pers.dc.ols.service.impl.UserServiceImpl ￿｜ checkIfUsernameExisted】开始 ======
2019-12-19 17:32:12.425 [INFO ] pers.dc.ols.aspect.ServiceLogAspect.recordTimeLog[38 line] - ====== 服务【pers.dc.ols.service.impl.UserServiceImpl 的 checkIfUsernameExisted】结束，用时 5 毫秒 ======
2019-12-19 17:32:12.508 [INFO ] pers.dc.ols.aspect.ServiceLogAspect.recordTimeLog[27 line] - ====== 服务【pers.dc.ols.service.impl.UserServiceImpl ￿｜ checkIfUsernameExisted】开始 ======
2019-12-19 17:32:12.511 [INFO ] pers.dc.ols.aspect.ServiceLogAspect.recordTimeLog[38 line] - ====== 服务【pers.dc.ols.service.impl.UserServiceImpl 的 checkIfUsernameExisted】结束，用时 2 毫秒 ======
2019-12-19 17:32:12.727 [INFO ] pers.dc.ols.aspect.ServiceLogAspect.recordTimeLog[27 line] - ====== 服务【pers.dc.ols.service.impl.UserServiceImpl ￿｜ checkIfUsernameExisted】开始 ======
2019-12-19 17:32:12.733 [INFO ] pers.dc.ols.aspect.ServiceLogAspect.recordTimeLog[38 line] - ====== 服务【pers.dc.ols.service.impl.UserServiceImpl 的 checkIfUsernameExisted】结束，用时 6 毫秒 ======
2019-12-19 17:32:35.398 [INFO ] pers.dc.ols.aspect.ServiceLogAspect.recordTimeLog[27 line] - ====== 服务【pers.dc.ols.service.impl.UserServiceImpl ￿｜ checkIfUsernameExisted】开始 ======
2019-12-19 17:32:35.402 [INFO ] pers.dc.ols.aspect.ServiceLogAspect.recordTimeLog[38 line] - ====== 服务【pers.dc.ols.service.impl.UserServiceImpl 的 checkIfUsernameExisted】结束，用时 3 毫秒 ======
2019-12-19 17:32:36.502 [INFO ] pers.dc.ols.aspect.ServiceLogAspect.recordTimeLog[27 line] - ====== 服务【pers.dc.ols.service.impl.UserServiceImpl ￿｜ checkIfUsernameExisted】开始 ======
2019-12-19 17:32:36.508 [INFO ] pers.dc.ols.aspect.ServiceLogAspect.recordTimeLog[38 line] - ====== 服务【pers.dc.ols.service.impl.UserServiceImpl 的 checkIfUsernameExisted】结束，用时 6 毫秒 ======
2019-12-19 17:32:37.117 [INFO ] pers.dc.ols.aspect.ServiceLogAspect.recordTimeLog[27 line] - ====== 服务【pers.dc.ols.service.impl.UserServiceImpl ￿｜ checkIfUsernameExisted】开始 ======
2019-12-19 17:32:37.121 [INFO ] pers.dc.ols.aspect.ServiceLogAspect.recordTimeLog[38 line] - ====== 服务【pers.dc.ols.service.impl.UserServiceImpl 的 checkIfUsernameExisted】结束，用时 4 毫秒 ======
2019-12-19 17:32:37.629 [INFO ] pers.dc.ols.aspect.ServiceLogAspect.recordTimeLog[27 line] - ====== 服务【pers.dc.ols.service.impl.UserServiceImpl ￿｜ checkIfUsernameExisted】开始 ======
2019-12-19 17:32:37.632 [INFO ] pers.dc.ols.aspect.ServiceLogAspect.recordTimeLog[38 line] - ====== 服务【pers.dc.ols.service.impl.UserServiceImpl 的 checkIfUsernameExisted】结束，用时 3 毫秒 ======
2019-12-19 17:32:37.802 [INFO ] pers.dc.ols.aspect.ServiceLogAspect.recordTimeLog[27 line] - ====== 服务【pers.dc.ols.service.impl.UserServiceImpl ￿｜ checkIfUsernameExisted】开始 ======
2019-12-19 17:32:37.805 [INFO ] pers.dc.ols.aspect.ServiceLogAspect.recordTimeLog[38 line] - ====== 服务【pers.dc.ols.service.impl.UserServiceImpl 的 checkIfUsernameExisted】结束，用时 2 毫秒 ======
2019-12-19 17:32:38.441 [INFO ] pers.dc.ols.aspect.ServiceLogAspect.recordTimeLog[27 line] - ====== 服务【pers.dc.ols.service.impl.UserServiceImpl ￿｜ checkIfUsernameExisted】开始 ======
2019-12-19 17:32:38.445 [INFO ] pers.dc.ols.aspect.ServiceLogAspect.recordTimeLog[38 line] - ====== 服务【pers.dc.ols.service.impl.UserServiceImpl 的 checkIfUsernameExisted】结束，用时 3 毫秒 ======
2019-12-19 17:32:41.946 [INFO ] pers.dc.ols.aspect.ServiceLogAspect.recordTimeLog[27 line] - ====== 服务【pers.dc.ols.service.impl.UserServiceImpl ￿｜ checkIfUsernameExisted】开始 ======
2019-12-19 17:32:41.950 [INFO ] pers.dc.ols.aspect.ServiceLogAspect.recordTimeLog[38 line] - ====== 服务【pers.dc.ols.service.impl.UserServiceImpl 的 checkIfUsernameExisted】结束，用时 4 毫秒 ======
2019-12-19 17:32:42.405 [INFO ] pers.dc.ols.aspect.ServiceLogAspect.recordTimeLog[27 line] - ====== 服务【pers.dc.ols.service.impl.UserServiceImpl ￿｜ checkIfUsernameExisted】开始 ======
2019-12-19 17:32:42.409 [INFO ] pers.dc.ols.aspect.ServiceLogAspect.recordTimeLog[38 line] - ====== 服务【pers.dc.ols.service.impl.UserServiceImpl 的 checkIfUsernameExisted】结束，用时 3 毫秒 ======
2019-12-19 17:32:43.975 [INFO ] pers.dc.ols.aspect.ServiceLogAspect.recordTimeLog[27 line] - ====== 服务【pers.dc.ols.service.impl.UserServiceImpl ￿｜ checkIfUsernameExisted】开始 ======
2019-12-19 17:32:43.980 [INFO ] pers.dc.ols.aspect.ServiceLogAspect.recordTimeLog[38 line] - ====== 服务【pers.dc.ols.service.impl.UserServiceImpl 的 checkIfUsernameExisted】结束，用时 3 毫秒 ======
2019-12-19 17:32:44.399 [INFO ] pers.dc.ols.aspect.ServiceLogAspect.recordTimeLog[27 line] - ====== 服务【pers.dc.ols.service.impl.UserServiceImpl ￿｜ checkIfUsernameExisted】开始 ======
2019-12-19 17:32:44.402 [INFO ] pers.dc.ols.aspect.ServiceLogAspect.recordTimeLog[38 line] - ====== 服务【pers.dc.ols.service.impl.UserServiceImpl 的 checkIfUsernameExisted】结束，用时 3 毫秒 ======
2019-12-19 17:32:56.355 [INFO ] pers.dc.ols.aspect.ServiceLogAspect.recordTimeLog[27 line] - ====== 服务【pers.dc.ols.service.impl.UserServiceImpl ￿｜ checkIfUsernameExisted】开始 ======
2019-12-19 17:32:56.359 [INFO ] pers.dc.ols.aspect.ServiceLogAspect.recordTimeLog[38 line] - ====== 服务【pers.dc.ols.service.impl.UserServiceImpl 的 checkIfUsernameExisted】结束，用时 3 毫秒 ======
2019-12-19 17:32:56.362 [INFO ] pers.dc.ols.aspect.ServiceLogAspect.recordTimeLog[27 line] - ====== 服务【pers.dc.ols.service.impl.UserServiceImpl ￿｜ createUser】开始 ======
2019-12-19 17:32:56.393 [INFO ] pers.dc.ols.aspect.ServiceLogAspect.recordTimeLog[38 line] - ====== 服务【pers.dc.ols.service.impl.UserServiceImpl 的 createUser】结束，用时 31 毫秒 ======
2019-12-19 17:32:56.410 [INFO ] pers.dc.ols.utils.CookieUtils.doSetCookie[199 line] - ========== domainName: localhost ==========
2019-12-19 17:41:57.829 [INFO ] com.zaxxer.hikari.HikariDataSource.close[350 line] - DateSourceHikariCP - Shutdown initiated...
2019-12-19 17:41:57.846 [INFO ] com.zaxxer.hikari.HikariDataSource.close[352 line] - DateSourceHikariCP - Shutdown completed.
2019-12-19 17:44:48.498 [INFO ] org.springframework.boot.StartupInfoLogger.logStarting[55 line] - Starting Application on DavisdeMacBook-Air.local with PID 1404 (/Users/jasmine/IdeaProjects/online_store/ols-api/target/classes started by jasmine in /Users/jasmine/IdeaProjects/online_store)
2019-12-19 17:44:48.516 [INFO ] org.springframework.boot.SpringApplication.logStartupProfileInfo[651 line] - No active profile set, falling back to default profiles: default
2019-12-19 17:44:50.641 [INFO ] org.apache.juli.logging.DirectJDKLog.log[173 line] - Initializing ProtocolHandler ["http-nio-8088"]
2019-12-19 17:44:50.643 [INFO ] org.apache.juli.logging.DirectJDKLog.log[173 line] - Starting service [Tomcat]
2019-12-19 17:44:50.644 [INFO ] org.apache.juli.logging.DirectJDKLog.log[173 line] - Starting Servlet engine: [Apache Tomcat/9.0.27]
2019-12-19 17:44:50.765 [INFO ] org.apache.juli.logging.DirectJDKLog.log[173 line] - Initializing Spring embedded WebApplicationContext
2019-12-19 17:44:51.915 [INFO ] springfox.documentation.spring.web.PropertySourcedRequestMappingHandlerMapping.initHandlerMethods[69 line] - Mapped URL path [/v2/api-docs] onto method [springfox.documentation.swagger2.web.Swagger2Controller#getDocumentation(String, HttpServletRequest)]
2019-12-19 17:44:52.436 [INFO ] springfox.documentation.spring.web.plugins.DocumentationPluginsBootstrapper.start[160 line] - Context refreshed
2019-12-19 17:44:52.467 [INFO ] springfox.documentation.spring.web.plugins.DocumentationPluginsBootstrapper.start[163 line] - Found 1 custom documentation plugin(s)
2019-12-19 17:44:52.500 [INFO ] springfox.documentation.spring.web.scanners.ApiListingReferenceScanner.scan[41 line] - Scanning for api listing references
2019-12-19 17:44:52.724 [INFO ] org.apache.juli.logging.DirectJDKLog.log[173 line] - Starting ProtocolHandler ["http-nio-8088"]
2019-12-19 17:44:52.756 [INFO ] org.springframework.boot.StartupInfoLogger.logStarted[61 line] - Started Application in 4.966 seconds (JVM running for 6.965)
2019-12-19 17:45:23.843 [INFO ] org.apache.juli.logging.DirectJDKLog.log[173 line] - Initializing Spring DispatcherServlet 'dispatcherServlet'
2019-12-19 17:45:33.653 [INFO ] pers.dc.ols.utils.CookieUtils.doSetCookie[199 line] - ========== domainName: localhost ==========
2019-12-19 18:21:16.734 [INFO ] org.springframework.boot.StartupInfoLogger.logStarting[55 line] - Starting Application on DavisdeMacBook-Air.local with PID 1724 (/Users/jasmine/IdeaProjects/online_store/ols-api/target/classes started by jasmine in /Users/jasmine/IdeaProjects/online_store)
2019-12-19 18:21:16.748 [INFO ] org.springframework.boot.SpringApplication.logStartupProfileInfo[651 line] - No active profile set, falling back to default profiles: default
2019-12-19 18:21:18.925 [INFO ] org.apache.juli.logging.DirectJDKLog.log[173 line] - Initializing ProtocolHandler ["http-nio-8088"]
2019-12-19 18:21:18.927 [INFO ] org.apache.juli.logging.DirectJDKLog.log[173 line] - Starting service [Tomcat]
2019-12-19 18:21:18.928 [INFO ] org.apache.juli.logging.DirectJDKLog.log[173 line] - Starting Servlet engine: [Apache Tomcat/9.0.27]
2019-12-19 18:21:19.051 [INFO ] org.apache.juli.logging.DirectJDKLog.log[173 line] - Initializing Spring embedded WebApplicationContext
2019-12-19 18:21:20.142 [INFO ] springfox.documentation.spring.web.PropertySourcedRequestMappingHandlerMapping.initHandlerMethods[69 line] - Mapped URL path [/v2/api-docs] onto method [springfox.documentation.swagger2.web.Swagger2Controller#getDocumentation(String, HttpServletRequest)]
2019-12-19 18:21:20.559 [INFO ] springfox.documentation.spring.web.plugins.DocumentationPluginsBootstrapper.start[160 line] - Context refreshed
2019-12-19 18:21:20.592 [INFO ] springfox.documentation.spring.web.plugins.DocumentationPluginsBootstrapper.start[163 line] - Found 1 custom documentation plugin(s)
2019-12-19 18:21:20.628 [INFO ] springfox.documentation.spring.web.scanners.ApiListingReferenceScanner.scan[41 line] - Scanning for api listing references
2019-12-19 18:21:20.818 [INFO ] org.apache.juli.logging.DirectJDKLog.log[173 line] - Starting ProtocolHandler ["http-nio-8088"]
2019-12-19 18:21:20.853 [INFO ] org.springframework.boot.StartupInfoLogger.logStarted[61 line] - Started Application in 4.557 seconds (JVM running for 5.937)
2019-12-19 18:22:40.405 [INFO ] org.apache.juli.logging.DirectJDKLog.log[173 line] - Initializing Spring DispatcherServlet 'dispatcherServlet'
2019-12-19 18:23:40.758 [INFO ] pers.dc.ols.aspect.ServiceLogAspect.recordTimeLog[27 line] - ======【pers.dc.ols.service.impl.UserServiceImpl ￿的 checkIfUsernameExisted 服务】开始 ======
2019-12-19 18:23:40.857 [INFO ] com.zaxxer.hikari.HikariDataSource.getConnection[110 line] - DateSourceHikariCP - Starting...
2019-12-19 18:23:41.262 [INFO ] com.zaxxer.hikari.HikariDataSource.getConnection[123 line] - DateSourceHikariCP - Start completed.
2019-12-19 18:23:41.337 [INFO ] pers.dc.ols.aspect.ServiceLogAspect.recordTimeLog[38 line] - ======【pers.dc.ols.service.impl.UserServiceImpl 的 checkIfUsernameExisted 服务】结束，用时 574 毫秒 ======
2019-12-19 18:25:19.432 [INFO ] pers.dc.ols.aspect.ServiceLogAspect.recordTimeLog[27 line] - ======【pers.dc.ols.service.impl.UserServiceImpl ￿的 checkIfUsernameExisted 服务】开始 ======
2019-12-19 18:25:19.447 [INFO ] pers.dc.ols.aspect.ServiceLogAspect.recordTimeLog[38 line] - ======【pers.dc.ols.service.impl.UserServiceImpl 的 checkIfUsernameExisted 服务】结束，用时 12 毫秒 ======
2019-12-19 18:27:24.661 [INFO ] pers.dc.ols.aspect.ServiceLogAspect.recordTimeLog[27 line] - ======【pers.dc.ols.service.impl.UserServiceImpl ￿的 checkIfUsernameExisted 服务】开始 ======
2019-12-19 18:27:24.666 [INFO ] pers.dc.ols.aspect.ServiceLogAspect.recordTimeLog[38 line] - ======【pers.dc.ols.service.impl.UserServiceImpl 的 checkIfUsernameExisted 服务】结束，用时 3 毫秒 ======
2019-12-19 18:27:24.667 [INFO ] pers.dc.ols.aspect.ServiceLogAspect.recordTimeLog[27 line] - ======【pers.dc.ols.service.impl.UserServiceImpl ￿的 createUser 服务】开始 ======
2019-12-19 18:27:24.704 [INFO ] pers.dc.ols.aspect.ServiceLogAspect.recordTimeLog[38 line] - ======【pers.dc.ols.service.impl.UserServiceImpl 的 createUser 服务】结束，用时 35 毫秒 ======
2019-12-19 18:27:24.726 [INFO ] pers.dc.ols.utils.CookieUtils.doSetCookie[199 line] - ========== domainName: localhost ==========
2019-12-19 18:28:00.451 [INFO ] com.zaxxer.hikari.HikariDataSource.close[350 line] - DateSourceHikariCP - Shutdown initiated...
2019-12-19 18:28:00.462 [INFO ] com.zaxxer.hikari.HikariDataSource.close[352 line] - DateSourceHikariCP - Shutdown completed.
