2019-12-15 20:25:04.432 [INFO ] org.springframework.boot.StartupInfoLogger.logStarting[55 line] - Starting Application on DavisdeMacBook-Air.local with PID 1934 (/Users/jasmine/IdeaProjects/online_store/ols-api/target/classes started by jasmine in /Users/jasmine/IdeaProjects/online_store)
2019-12-15 20:25:04.442 [INFO ] org.springframework.boot.SpringApplication.logStartupProfileInfo[651 line] - No active profile set, falling back to default profiles: default
2019-12-15 20:25:06.121 [INFO ] org.apache.juli.logging.DirectJDKLog.log[173 line] - Initializing ProtocolHandler ["http-nio-8088"]
2019-12-15 20:25:06.123 [INFO ] org.apache.juli.logging.DirectJDKLog.log[173 line] - Starting service [Tomcat]
2019-12-15 20:25:06.123 [INFO ] org.apache.juli.logging.DirectJDKLog.log[173 line] - Starting Servlet engine: [Apache Tomcat/9.0.27]
2019-12-15 20:25:06.222 [INFO ] org.apache.juli.logging.DirectJDKLog.log[173 line] - Initializing Spring embedded WebApplicationContext
2019-12-15 20:25:07.169 [INFO ] springfox.documentation.spring.web.PropertySourcedRequestMappingHandlerMapping.initHandlerMethods[69 line] - Mapped URL path [/v2/api-docs] onto method [springfox.documentation.swagger2.web.Swagger2Controller#getDocumentation(String, HttpServletRequest)]
2019-12-15 20:25:07.573 [INFO ] springfox.documentation.spring.web.plugins.DocumentationPluginsBootstrapper.start[160 line] - Context refreshed
2019-12-15 20:25:07.590 [INFO ] springfox.documentation.spring.web.plugins.DocumentationPluginsBootstrapper.start[163 line] - Found 1 custom documentation plugin(s)
2019-12-15 20:25:07.623 [INFO ] springfox.documentation.spring.web.scanners.ApiListingReferenceScanner.scan[41 line] - Scanning for api listing references
2019-12-15 20:25:07.961 [INFO ] org.apache.juli.logging.DirectJDKLog.log[173 line] - Starting ProtocolHandler ["http-nio-8088"]
2019-12-15 20:25:08.003 [INFO ] org.springframework.boot.StartupInfoLogger.logStarted[61 line] - Started Application in 4.1 seconds (JVM running for 6.477)
2019-12-15 20:25:52.638 [INFO ] org.apache.juli.logging.DirectJDKLog.log[173 line] - Initializing Spring DispatcherServlet 'dispatcherServlet'
2019-12-15 20:26:04.190 [INFO ] com.zaxxer.hikari.HikariDataSource.getConnection[110 line] - DateSourceHikariCP - Starting...
2019-12-15 20:26:04.600 [INFO ] com.zaxxer.hikari.HikariDataSource.getConnection[123 line] - DateSourceHikariCP - Start completed.
2019-12-15 20:26:09.955 [INFO ] pers.dc.ols.utils.CookieUtils.doSetCookie[199 line] - ========== domainName: localhost ==========
2019-12-15 20:27:54.831 [INFO ] com.zaxxer.hikari.HikariDataSource.close[350 line] - DateSourceHikariCP - Shutdown initiated...
2019-12-15 20:27:54.848 [INFO ] com.zaxxer.hikari.HikariDataSource.close[352 line] - DateSourceHikariCP - Shutdown completed.
2019-12-15 20:28:01.915 [INFO ] org.springframework.boot.StartupInfoLogger.logStarting[55 line] - Starting Application on DavisdeMacBook-Air.local with PID 1957 (/Users/jasmine/IdeaProjects/online_store/ols-api/target/classes started by jasmine in /Users/jasmine/IdeaProjects/online_store)
2019-12-15 20:28:01.920 [INFO ] org.springframework.boot.SpringApplication.logStartupProfileInfo[651 line] - No active profile set, falling back to default profiles: default
2019-12-15 20:28:04.876 [INFO ] org.apache.juli.logging.DirectJDKLog.log[173 line] - Initializing ProtocolHandler ["http-nio-8088"]
2019-12-15 20:28:04.877 [INFO ] org.apache.juli.logging.DirectJDKLog.log[173 line] - Starting service [Tomcat]
2019-12-15 20:28:04.878 [INFO ] org.apache.juli.logging.DirectJDKLog.log[173 line] - Starting Servlet engine: [Apache Tomcat/9.0.27]
2019-12-15 20:28:05.000 [INFO ] org.apache.juli.logging.DirectJDKLog.log[173 line] - Initializing Spring embedded WebApplicationContext
2019-12-15 20:28:05.979 [INFO ] springfox.documentation.spring.web.PropertySourcedRequestMappingHandlerMapping.initHandlerMethods[69 line] - Mapped URL path [/v2/api-docs] onto method [springfox.documentation.swagger2.web.Swagger2Controller#getDocumentation(String, HttpServletRequest)]
2019-12-15 20:28:06.353 [INFO ] springfox.documentation.spring.web.plugins.DocumentationPluginsBootstrapper.start[160 line] - Context refreshed
2019-12-15 20:28:06.372 [INFO ] springfox.documentation.spring.web.plugins.DocumentationPluginsBootstrapper.start[163 line] - Found 1 custom documentation plugin(s)
2019-12-15 20:28:06.402 [INFO ] springfox.documentation.spring.web.scanners.ApiListingReferenceScanner.scan[41 line] - Scanning for api listing references
2019-12-15 20:28:06.575 [INFO ] org.apache.juli.logging.DirectJDKLog.log[173 line] - Starting ProtocolHandler ["http-nio-8088"]
2019-12-15 20:28:06.635 [INFO ] org.springframework.boot.StartupInfoLogger.logStarted[61 line] - Started Application in 5.134 seconds (JVM running for 7.049)
2019-12-15 20:28:20.572 [INFO ] org.apache.juli.logging.DirectJDKLog.log[173 line] - Initializing Spring DispatcherServlet 'dispatcherServlet'
2019-12-15 20:28:20.807 [INFO ] com.zaxxer.hikari.HikariDataSource.getConnection[110 line] - DateSourceHikariCP - Starting...
2019-12-15 20:28:21.203 [INFO ] com.zaxxer.hikari.HikariDataSource.getConnection[123 line] - DateSourceHikariCP - Start completed.
2019-12-15 20:28:21.293 [INFO ] pers.dc.ols.utils.CookieUtils.doSetCookie[199 line] - ========== domainName: localhost ==========
2019-12-15 20:36:01.288 [INFO ] com.zaxxer.hikari.HikariDataSource.close[350 line] - DateSourceHikariCP - Shutdown initiated...
2019-12-15 20:36:01.302 [INFO ] com.zaxxer.hikari.HikariDataSource.close[352 line] - DateSourceHikariCP - Shutdown completed.
2019-12-15 20:36:12.585 [INFO ] org.springframework.boot.StartupInfoLogger.logStarting[55 line] - Starting Application on DavisdeMacBook-Air.local with PID 1986 (/Users/jasmine/IdeaProjects/online_store/ols-api/target/classes started by jasmine in /Users/jasmine/IdeaProjects/online_store)
2019-12-15 20:36:12.602 [INFO ] org.springframework.boot.SpringApplication.logStartupProfileInfo[651 line] - No active profile set, falling back to default profiles: default
2019-12-15 20:36:14.520 [INFO ] org.apache.juli.logging.DirectJDKLog.log[173 line] - Initializing ProtocolHandler ["http-nio-8088"]
2019-12-15 20:36:14.521 [INFO ] org.apache.juli.logging.DirectJDKLog.log[173 line] - Starting service [Tomcat]
2019-12-15 20:36:14.522 [INFO ] org.apache.juli.logging.DirectJDKLog.log[173 line] - Starting Servlet engine: [Apache Tomcat/9.0.27]
2019-12-15 20:36:14.608 [INFO ] org.apache.juli.logging.DirectJDKLog.log[173 line] - Initializing Spring embedded WebApplicationContext
2019-12-15 20:36:15.520 [INFO ] springfox.documentation.spring.web.PropertySourcedRequestMappingHandlerMapping.initHandlerMethods[69 line] - Mapped URL path [/v2/api-docs] onto method [springfox.documentation.swagger2.web.Swagger2Controller#getDocumentation(String, HttpServletRequest)]
2019-12-15 20:36:15.863 [INFO ] springfox.documentation.spring.web.plugins.DocumentationPluginsBootstrapper.start[160 line] - Context refreshed
2019-12-15 20:36:15.880 [INFO ] springfox.documentation.spring.web.plugins.DocumentationPluginsBootstrapper.start[163 line] - Found 1 custom documentation plugin(s)
2019-12-15 20:36:15.912 [INFO ] springfox.documentation.spring.web.scanners.ApiListingReferenceScanner.scan[41 line] - Scanning for api listing references
2019-12-15 20:36:16.137 [INFO ] org.apache.juli.logging.DirectJDKLog.log[173 line] - Starting ProtocolHandler ["http-nio-8088"]
2019-12-15 20:36:16.192 [INFO ] org.springframework.boot.StartupInfoLogger.logStarted[61 line] - Started Application in 4.088 seconds (JVM running for 5.755)
2019-12-15 20:36:43.491 [INFO ] org.apache.juli.logging.DirectJDKLog.log[173 line] - Initializing Spring DispatcherServlet 'dispatcherServlet'
2019-12-15 20:36:43.524 [INFO ] pers.dc.ols.controller.HelloController.hello[21 line] - 测试日志
2019-12-15 20:37:02.416 [INFO ] pers.dc.ols.controller.HelloController.hello[21 line] - 测试日志
2019-12-15 20:39:20.763 [INFO ] org.springframework.boot.StartupInfoLogger.logStarting[55 line] - Starting Application on DavisdeMacBook-Air.local with PID 2001 (/Users/jasmine/IdeaProjects/online_store/ols-api/target/classes started by jasmine in /Users/jasmine/IdeaProjects/online_store)
2019-12-15 20:39:20.773 [INFO ] org.springframework.boot.SpringApplication.logStartupProfileInfo[651 line] - No active profile set, falling back to default profiles: default
2019-12-15 20:39:22.931 [INFO ] org.apache.juli.logging.DirectJDKLog.log[173 line] - Initializing ProtocolHandler ["http-nio-8088"]
2019-12-15 20:39:22.932 [INFO ] org.apache.juli.logging.DirectJDKLog.log[173 line] - Starting service [Tomcat]
2019-12-15 20:39:22.933 [INFO ] org.apache.juli.logging.DirectJDKLog.log[173 line] - Starting Servlet engine: [Apache Tomcat/9.0.27]
2019-12-15 20:39:23.066 [INFO ] org.apache.juli.logging.DirectJDKLog.log[173 line] - Initializing Spring embedded WebApplicationContext
2019-12-15 20:39:25.238 [INFO ] springfox.documentation.spring.web.PropertySourcedRequestMappingHandlerMapping.initHandlerMethods[69 line] - Mapped URL path [/v2/api-docs] onto method [springfox.documentation.swagger2.web.Swagger2Controller#getDocumentation(String, HttpServletRequest)]
2019-12-15 20:39:25.572 [INFO ] springfox.documentation.spring.web.plugins.DocumentationPluginsBootstrapper.start[160 line] - Context refreshed
2019-12-15 20:39:25.589 [INFO ] springfox.documentation.spring.web.plugins.DocumentationPluginsBootstrapper.start[163 line] - Found 1 custom documentation plugin(s)
2019-12-15 20:39:25.620 [INFO ] springfox.documentation.spring.web.scanners.ApiListingReferenceScanner.scan[41 line] - Scanning for api listing references
2019-12-15 20:39:25.800 [INFO ] org.apache.juli.logging.DirectJDKLog.log[173 line] - Starting ProtocolHandler ["http-nio-8088"]
2019-12-15 20:39:25.903 [INFO ] org.springframework.boot.StartupInfoLogger.logStarted[61 line] - Started Application in 6.15 seconds (JVM running for 8.944)
2019-12-15 20:39:48.249 [INFO ] org.springframework.boot.StartupInfoLogger.logStarting[55 line] - Starting Application on DavisdeMacBook-Air.local with PID 2008 (/Users/jasmine/IdeaProjects/online_store/ols-api/target/classes started by jasmine in /Users/jasmine/IdeaProjects/online_store)
2019-12-15 20:39:48.260 [INFO ] org.springframework.boot.SpringApplication.logStartupProfileInfo[651 line] - No active profile set, falling back to default profiles: default
2019-12-15 20:39:50.047 [INFO ] org.apache.juli.logging.DirectJDKLog.log[173 line] - Initializing ProtocolHandler ["http-nio-8088"]
2019-12-15 20:39:50.048 [INFO ] org.apache.juli.logging.DirectJDKLog.log[173 line] - Starting service [Tomcat]
2019-12-15 20:39:50.049 [INFO ] org.apache.juli.logging.DirectJDKLog.log[173 line] - Starting Servlet engine: [Apache Tomcat/9.0.27]
2019-12-15 20:39:50.132 [INFO ] org.apache.juli.logging.DirectJDKLog.log[173 line] - Initializing Spring embedded WebApplicationContext
2019-12-15 20:39:50.990 [INFO ] springfox.documentation.spring.web.PropertySourcedRequestMappingHandlerMapping.initHandlerMethods[69 line] - Mapped URL path [/v2/api-docs] onto method [springfox.documentation.swagger2.web.Swagger2Controller#getDocumentation(String, HttpServletRequest)]
2019-12-15 20:39:51.270 [INFO ] springfox.documentation.spring.web.plugins.DocumentationPluginsBootstrapper.start[160 line] - Context refreshed
2019-12-15 20:39:51.284 [INFO ] springfox.documentation.spring.web.plugins.DocumentationPluginsBootstrapper.start[163 line] - Found 1 custom documentation plugin(s)
2019-12-15 20:39:51.311 [INFO ] springfox.documentation.spring.web.scanners.ApiListingReferenceScanner.scan[41 line] - Scanning for api listing references
2019-12-15 20:39:51.462 [INFO ] org.apache.juli.logging.DirectJDKLog.log[173 line] - Starting ProtocolHandler ["http-nio-8088"]
2019-12-15 20:39:51.493 [INFO ] org.springframework.boot.StartupInfoLogger.logStarted[61 line] - Started Application in 3.643 seconds (JVM running for 5.417)
2019-12-15 20:40:05.010 [INFO ] org.apache.juli.logging.DirectJDKLog.log[173 line] - Initializing Spring DispatcherServlet 'dispatcherServlet'
2019-12-15 20:40:05.036 [INFO ] pers.dc.ols.controller.HelloController.hello[20 line] - 测试日志
2019-12-15 20:40:25.593 [INFO ] com.zaxxer.hikari.HikariDataSource.getConnection[110 line] - DateSourceHikariCP - Starting...
2019-12-15 20:40:25.973 [INFO ] com.zaxxer.hikari.HikariDataSource.getConnection[123 line] - DateSourceHikariCP - Start completed.
2019-12-15 20:40:26.020 [INFO ] pers.dc.ols.utils.CookieUtils.doSetCookie[199 line] - ========== domainName: localhost ==========
2019-12-15 20:49:01.422 [INFO ] com.zaxxer.hikari.HikariDataSource.close[350 line] - DateSourceHikariCP - Shutdown initiated...
2019-12-15 20:49:01.448 [INFO ] com.zaxxer.hikari.HikariDataSource.close[352 line] - DateSourceHikariCP - Shutdown completed.
2019-12-15 21:22:35.366 [INFO ] org.springframework.boot.StartupInfoLogger.logStarting[55 line] - Starting Application on DavisdeMacBook-Air.local with PID 2280 (/Users/jasmine/IdeaProjects/online_store/ols-api/target/classes started by jasmine in /Users/jasmine/IdeaProjects/online_store)
2019-12-15 21:22:35.390 [INFO ] org.springframework.boot.SpringApplication.logStartupProfileInfo[651 line] - No active profile set, falling back to default profiles: default
2019-12-15 21:22:37.483 [INFO ] org.apache.juli.logging.DirectJDKLog.log[173 line] - Initializing ProtocolHandler ["http-nio-8088"]
2019-12-15 21:22:37.485 [INFO ] org.apache.juli.logging.DirectJDKLog.log[173 line] - Starting service [Tomcat]
2019-12-15 21:22:37.485 [INFO ] org.apache.juli.logging.DirectJDKLog.log[173 line] - Starting Servlet engine: [Apache Tomcat/9.0.27]
2019-12-15 21:22:37.580 [INFO ] org.apache.juli.logging.DirectJDKLog.log[173 line] - Initializing Spring embedded WebApplicationContext
2019-12-15 21:22:38.625 [INFO ] springfox.documentation.spring.web.PropertySourcedRequestMappingHandlerMapping.initHandlerMethods[69 line] - Mapped URL path [/v2/api-docs] onto method [springfox.documentation.swagger2.web.Swagger2Controller#getDocumentation(String, HttpServletRequest)]
2019-12-15 21:22:39.094 [INFO ] springfox.documentation.spring.web.plugins.DocumentationPluginsBootstrapper.start[160 line] - Context refreshed
2019-12-15 21:22:39.114 [INFO ] springfox.documentation.spring.web.plugins.DocumentationPluginsBootstrapper.start[163 line] - Found 1 custom documentation plugin(s)
2019-12-15 21:22:39.142 [INFO ] springfox.documentation.spring.web.scanners.ApiListingReferenceScanner.scan[41 line] - Scanning for api listing references
2019-12-15 21:22:39.305 [INFO ] org.apache.juli.logging.DirectJDKLog.log[173 line] - Starting ProtocolHandler ["http-nio-8088"]
2019-12-15 21:22:39.341 [INFO ] org.springframework.boot.StartupInfoLogger.logStarted[61 line] - Started Application in 4.544 seconds (JVM running for 6.418)
2019-12-15 21:22:49.123 [INFO ] org.apache.juli.logging.DirectJDKLog.log[173 line] - Initializing Spring DispatcherServlet 'dispatcherServlet'
2019-12-15 21:23:17.662 [INFO ] pers.dc.ols.aspect.ServiceLogAspect.recordTimeLog[27 line] - ======== 【pers.dc.ols.service.impl.UserServiceImpl-pers.dc.ols.service.impl.UserServiceImpl】 服务开始 ========
2019-12-15 21:23:17.752 [INFO ] com.zaxxer.hikari.HikariDataSource.getConnection[110 line] - DateSourceHikariCP - Starting...
2019-12-15 21:23:18.192 [INFO ] com.zaxxer.hikari.HikariDataSource.getConnection[123 line] - DateSourceHikariCP - Start completed.
2019-12-15 21:23:18.228 [INFO ] pers.dc.ols.aspect.ServiceLogAspect.recordTimeLog[38 line] - ======== 【pers.dc.ols.service.impl.UserServiceImpl-pers.dc.ols.service.impl.UserServiceImpl】 服务结束，用时 562 毫秒 ========
2019-12-15 21:24:38.136 [INFO ] pers.dc.ols.aspect.ServiceLogAspect.recordTimeLog[27 line] - ======== 【pers.dc.ols.service.impl.UserServiceImpl-pers.dc.ols.service.impl.UserServiceImpl】 服务开始 ========
2019-12-15 21:24:38.153 [INFO ] pers.dc.ols.aspect.ServiceLogAspect.recordTimeLog[38 line] - ======== 【pers.dc.ols.service.impl.UserServiceImpl-pers.dc.ols.service.impl.UserServiceImpl】 服务结束，用时 14 毫秒 ========
2019-12-15 21:24:38.164 [INFO ] pers.dc.ols.utils.CookieUtils.doSetCookie[199 line] - ========== domainName: localhost ==========
2019-12-15 21:26:23.167 [INFO ] com.zaxxer.hikari.HikariDataSource.close[350 line] - DateSourceHikariCP - Shutdown initiated...
2019-12-15 21:26:23.176 [INFO ] com.zaxxer.hikari.HikariDataSource.close[352 line] - DateSourceHikariCP - Shutdown completed.
2019-12-15 21:26:35.006 [INFO ] org.springframework.boot.StartupInfoLogger.logStarting[55 line] - Starting Application on DavisdeMacBook-Air.local with PID 2298 (/Users/jasmine/IdeaProjects/online_store/ols-api/target/classes started by jasmine in /Users/jasmine/IdeaProjects/online_store)
2019-12-15 21:26:35.025 [INFO ] org.springframework.boot.SpringApplication.logStartupProfileInfo[651 line] - No active profile set, falling back to default profiles: default
2019-12-15 21:26:37.245 [INFO ] org.apache.juli.logging.DirectJDKLog.log[173 line] - Initializing ProtocolHandler ["http-nio-8088"]
2019-12-15 21:26:37.247 [INFO ] org.apache.juli.logging.DirectJDKLog.log[173 line] - Starting service [Tomcat]
2019-12-15 21:26:37.248 [INFO ] org.apache.juli.logging.DirectJDKLog.log[173 line] - Starting Servlet engine: [Apache Tomcat/9.0.27]
2019-12-15 21:26:37.349 [INFO ] org.apache.juli.logging.DirectJDKLog.log[173 line] - Initializing Spring embedded WebApplicationContext
2019-12-15 21:26:38.385 [INFO ] springfox.documentation.spring.web.PropertySourcedRequestMappingHandlerMapping.initHandlerMethods[69 line] - Mapped URL path [/v2/api-docs] onto method [springfox.documentation.swagger2.web.Swagger2Controller#getDocumentation(String, HttpServletRequest)]
2019-12-15 21:26:38.825 [INFO ] springfox.documentation.spring.web.plugins.DocumentationPluginsBootstrapper.start[160 line] - Context refreshed
2019-12-15 21:26:38.842 [INFO ] springfox.documentation.spring.web.plugins.DocumentationPluginsBootstrapper.start[163 line] - Found 1 custom documentation plugin(s)
2019-12-15 21:26:38.870 [INFO ] springfox.documentation.spring.web.scanners.ApiListingReferenceScanner.scan[41 line] - Scanning for api listing references
2019-12-15 21:26:39.022 [INFO ] org.apache.juli.logging.DirectJDKLog.log[173 line] - Starting ProtocolHandler ["http-nio-8088"]
2019-12-15 21:26:39.065 [INFO ] org.springframework.boot.StartupInfoLogger.logStarted[61 line] - Started Application in 4.508 seconds (JVM running for 6.388)
2019-12-15 21:26:48.353 [INFO ] org.apache.juli.logging.DirectJDKLog.log[173 line] - Initializing Spring DispatcherServlet 'dispatcherServlet'
2019-12-15 21:27:02.704 [INFO ] pers.dc.ols.aspect.ServiceLogAspect.recordTimeLog[27 line] - ====== 服务【pers.dc.ols.service.impl.UserServiceImpl 的 checkIfUsernameExisted】开始 ======
2019-12-15 21:27:02.778 [INFO ] com.zaxxer.hikari.HikariDataSource.getConnection[110 line] - DateSourceHikariCP - Starting...
2019-12-15 21:27:03.211 [INFO ] com.zaxxer.hikari.HikariDataSource.getConnection[123 line] - DateSourceHikariCP - Start completed.
2019-12-15 21:27:03.254 [INFO ] pers.dc.ols.aspect.ServiceLogAspect.recordTimeLog[38 line] - ====== 服务【pers.dc.ols.service.impl.UserServiceImpl 的 checkIfUsernameExisted】结束，用时 546 毫秒 ======
2019-12-15 21:27:20.179 [INFO ] pers.dc.ols.aspect.ServiceLogAspect.recordTimeLog[27 line] - ====== 服务【pers.dc.ols.service.impl.UserServiceImpl 的 userLogin】开始 ======
2019-12-15 21:27:20.195 [INFO ] pers.dc.ols.aspect.ServiceLogAspect.recordTimeLog[38 line] - ====== 服务【pers.dc.ols.service.impl.UserServiceImpl 的 userLogin】结束，用时 15 毫秒 ======
2019-12-15 21:27:20.205 [INFO ] pers.dc.ols.utils.CookieUtils.doSetCookie[199 line] - ========== domainName: localhost ==========
2019-12-15 21:27:37.144 [INFO ] pers.dc.ols.aspect.ServiceLogAspect.recordTimeLog[27 line] - ====== 服务【pers.dc.ols.service.impl.UserServiceImpl 的 userLogin】开始 ======
2019-12-15 21:27:37.150 [INFO ] pers.dc.ols.aspect.ServiceLogAspect.recordTimeLog[38 line] - ====== 服务【pers.dc.ols.service.impl.UserServiceImpl 的 userLogin】结束，用时 6 毫秒 ======
2019-12-15 21:27:37.151 [INFO ] pers.dc.ols.utils.CookieUtils.doSetCookie[199 line] - ========== domainName: localhost ==========
2019-12-15 21:27:46.150 [INFO ] pers.dc.ols.aspect.ServiceLogAspect.recordTimeLog[27 line] - ====== 服务【pers.dc.ols.service.impl.UserServiceImpl 的 checkIfUsernameExisted】开始 ======
2019-12-15 21:27:46.158 [INFO ] pers.dc.ols.aspect.ServiceLogAspect.recordTimeLog[38 line] - ====== 服务【pers.dc.ols.service.impl.UserServiceImpl 的 checkIfUsernameExisted】结束，用时 7 毫秒 ======
2019-12-15 21:27:53.483 [INFO ] pers.dc.ols.aspect.ServiceLogAspect.recordTimeLog[27 line] - ====== 服务【pers.dc.ols.service.impl.UserServiceImpl 的 checkIfUsernameExisted】开始 ======
2019-12-15 21:27:53.492 [INFO ] pers.dc.ols.aspect.ServiceLogAspect.recordTimeLog[38 line] - ====== 服务【pers.dc.ols.service.impl.UserServiceImpl 的 checkIfUsernameExisted】结束，用时 9 毫秒 ======
2019-12-15 21:28:05.789 [INFO ] pers.dc.ols.aspect.ServiceLogAspect.recordTimeLog[27 line] - ====== 服务【pers.dc.ols.service.impl.UserServiceImpl 的 checkIfUsernameExisted】开始 ======
2019-12-15 21:28:05.799 [INFO ] pers.dc.ols.aspect.ServiceLogAspect.recordTimeLog[38 line] - ====== 服务【pers.dc.ols.service.impl.UserServiceImpl 的 checkIfUsernameExisted】结束，用时 9 毫秒 ======
2019-12-15 21:28:17.561 [INFO ] pers.dc.ols.aspect.ServiceLogAspect.recordTimeLog[27 line] - ====== 服务【pers.dc.ols.service.impl.UserServiceImpl 的 checkIfUsernameExisted】开始 ======
2019-12-15 21:28:17.570 [INFO ] pers.dc.ols.aspect.ServiceLogAspect.recordTimeLog[38 line] - ====== 服务【pers.dc.ols.service.impl.UserServiceImpl 的 checkIfUsernameExisted】结束，用时 7 毫秒 ======
2019-12-15 21:28:17.574 [INFO ] pers.dc.ols.aspect.ServiceLogAspect.recordTimeLog[27 line] - ====== 服务【pers.dc.ols.service.impl.UserServiceImpl 的 createUser】开始 ======
2019-12-15 21:28:17.594 [INFO ] pers.dc.ols.aspect.ServiceLogAspect.recordTimeLog[38 line] - ====== 服务【pers.dc.ols.service.impl.UserServiceImpl 的 createUser】结束，用时 19 毫秒 ======
2019-12-15 21:28:17.606 [INFO ] pers.dc.ols.utils.CookieUtils.doSetCookie[199 line] - ========== domainName: localhost ==========
